Arguments: node,C:\Users\mloayzag\AppData\Roaming\npm\node_modules\scripted\node_modules\serv\static-server.js,8000,D:/WorkspacesEclipse/angularjs/egg
Serving files from D:/WorkspacesEclipse/angularjs/egg at 127.0.0.1:8000
LiveReload server listening on port 35729.
Reload request received for D:/WorkspacesEclipse/angularjs/egg/hello.html
No active connection.
Shutting down...
Arguments: node,C:\Users\mloayzag\AppData\Roaming\npm\node_modules\scripted\node_modules\serv\static-server.js,8000,D:/WorkspacesEclipse/angularjs/egg
Serving files from D:/WorkspacesEclipse/angularjs/egg at 127.0.0.1:8000
LiveReload server listening on port 35729.
Reload request received for D:/WorkspacesEclipse/angularjs/egg/hello.html
No active connection.
Arguments: node,C:\Users\mloayzag\AppData\Roaming\npm\node_modules\scripted\node_modules\serv\static-server.js,8000,D:/WorkspacesEclipse/angularjs/egg
Serving files from D:/WorkspacesEclipse/angularjs/egg at 127.0.0.1:8000
LiveReload server listening on port 35729.
Arguments: node,C:\Users\mloayzag\AppData\Roaming\npm\node_modules\scripted\node_modules\serv\static-server.js,8000,D:/WorkspacesEclipse/angularjs/egg
Serving files from D:/WorkspacesEclipse/angularjs/egg at 127.0.0.1:8000
LiveReload server listening on port 35729.
Reload request received for D:/WorkspacesEclipse/angularjs/egg/hello.html
No active connection.
Reload request received for D:/WorkspacesEclipse/angularjs/egg/hello.html
No active connection.
Reload request received for D:/WorkspacesEclipse/angularjs/egg/hello.html
No active connection.
Reload request received for D:/WorkspacesEclipse/angularjs/egg/hello.html
No active connection.
Reload request received for D:/WorkspacesEclipse/angularjs/egg/js/main.js
No active connection.
Reload request received for D:/WorkspacesEclipse/angularjs/egg/hello.html
No active connection.
Reload request received for D:/WorkspacesEclipse/angularjs/egg/js/main.js
No active connection.
Reload request received for D:/WorkspacesEclipse/angularjs/egg/js/main.js
No active connection.
Reload request received for D:/WorkspacesEclipse/angularjs/egg/hello.html
No active connection.
Reload request received for D:/WorkspacesEclipse/angularjs/egg/hello.html
No active connection.
Arguments: node,C:\Users\mloayzag\AppData\Roaming\npm\node_modules\scripted\node_modules\serv\static-server.js,8000,D:/WorkspacesEclipse/angularjs/egg
Serving files from D:/WorkspacesEclipse/angularjs/egg at 127.0.0.1:8000
LiveReload server listening on port 35729.
Reload request received for D:/WorkspacesEclipse/angularjs/egg/directive2.html
No active connection.
Reload request received for D:/WorkspacesEclipse/angularjs/egg/js/main2.js
No active connection.
Reload request received for D:/WorkspacesEclipse/angularjs/egg/directive2.html
No active connection.
Reload request received for D:/WorkspacesEclipse/angularjs/egg/js/main2.js
No active connection.
Reload request received for D:/WorkspacesEclipse/angularjs/egg/js/main2.js
No active connection.
Reload request received for D:/WorkspacesEclipse/angularjs/egg/directive2.html
No active connection.
Reload request received for D:/WorkspacesEclipse/angularjs/egg/directive2.html
No active connection.
Reload request received for D:/WorkspacesEclipse/angularjs/egg/js/main2.js
No active connection.
Reload request received for D:/WorkspacesEclipse/angularjs/egg/js/main2.js
No active connection.
Reload request received for D:/WorkspacesEclipse/angularjs/egg/directive2.html
No active connection.
Reload request received for D:/WorkspacesEclipse/angularjs/egg/js/main2.js
No active connection.
Shutting down...
Arguments: node,C:\Users\mloayzag\AppData\Roaming\npm\node_modules\scripted\node_modules\serv\static-server.js,8000,D:/WorkspacesEclipse/angularjs/egg
Serving files from D:/WorkspacesEclipse/angularjs/egg at 127.0.0.1:8000
LiveReload server listening on port 35729.
Reload request received for D:/WorkspacesEclipse/angularjs/egg/directive2.html
No active connection.
Reload request received for D:/WorkspacesEclipse/angularjs/egg/js/main2.js
No active connection.
Reload request received for D:/WorkspacesEclipse/angularjs/egg/directive3.html
No active connection.
Reload request received for D:/WorkspacesEclipse/angularjs/egg/directive3.html
No active connection.
Reload request received for D:/WorkspacesEclipse/angularjs/egg/directive3.html
No active connection.
Reload request received for D:/WorkspacesEclipse/angularjs/egg/directive3.html
No active connection.
Reload request received for D:/WorkspacesEclipse/angularjs/egg/js/main3.js
No active connection.
Reload request received for D:/WorkspacesEclipse/angularjs/egg/directive3.html
No active connection.
Reload request received for D:/WorkspacesEclipse/angularjs/egg/directive3.html
No active connection.
Reload request received for D:/WorkspacesEclipse/angularjs/egg/js/main3.js
No active connection.
Reload request received for D:/WorkspacesEclipse/angularjs/egg/js/main3.js
No active connection.
Reload request received for D:/WorkspacesEclipse/angularjs/egg/js/main3.js
No active connection.
Reload request received for D:/WorkspacesEclipse/angularjs/egg/js/main3.js
No active connection.
Reload request received for D:/WorkspacesEclipse/angularjs/egg/js/main3.js
No active connection.
Reload request received for D:/WorkspacesEclipse/angularjs/egg/directive3.html
No active connection.
Reload request received for D:/WorkspacesEclipse/angularjs/egg/js/main3.js
No active connection.
Reload request received for D:/WorkspacesEclipse/angularjs/egg/js/main3.js
No active connection.
Reload request received for D:/WorkspacesEclipse/angularjs/egg/js/main3.js
No active connection.
Reload request received for D:/WorkspacesEclipse/angularjs/egg/js/main3.js
No active connection.
Reload request received for D:/WorkspacesEclipse/angularjs/egg/js/main3.js
No active connection.
Reload request received for D:/WorkspacesEclipse/angularjs/egg/directive3.html
No active connection.
Reload request received for D:/WorkspacesEclipse/angularjs/egg/js/main3.js
No active connection.
Reload request received for D:/WorkspacesEclipse/angularjs/egg/js/main3.js
No active connection.
Reload request received for D:/WorkspacesEclipse/angularjs/egg/js/main3.js
No active connection.
Reload request received for D:/WorkspacesEclipse/angularjs/egg/js/main3.js
No active connection.
Reload request received for D:/WorkspacesEclipse/angularjs/egg/js/main3.js
No active connection.
Reload request received for D:/WorkspacesEclipse/angularjs/egg/directive3.html
No active connection.
Reload request received for D:/WorkspacesEclipse/angularjs/egg/js/main3.js
No active connection.
Reload request received for D:/WorkspacesEclipse/angularjs/egg/js/main3.js
No active connection.
Reload request received for D:/WorkspacesEclipse/angularjs/egg/js/main3.js
No active connection.
Reload request received for D:/WorkspacesEclipse/angularjs/egg/js/main3.js
No active connection.
Reload request received for D:/WorkspacesEclipse/angularjs/egg/js/main3.js
No active connection.
Reload request received for D:/WorkspacesEclipse/angularjs/egg/js/main3.js
No active connection.
